<?xml version="1.0" encoding="UTF-8"?>
<!-- Generated by org.testng.reporters.JUnitXMLReporter -->
<testsuite ignored="14" hostname="LAPTOP-DJARKLO9" failures="1" tests="8" name="Test" time="116.656" errors="0" timestamp="2024-09-23T15:34:49 IST">
  <testcase classname="com.pabb.staarcms.genericutility.BaseClass" name="@AfterMethod afterMethod" time="1.17">
    <failure type="org.openqa.selenium.ElementClickInterceptedException" message="element click intercepted: Element &amp;lt;span class=&amp;quot;hidden-xs maxwidth200 atoploginusername hideonsmartphone paddingleft&amp;quot;&amp;gt;...&amp;lt;/span&amp;gt; is not clickable at point (1450, 26). Other element would receive the click: &amp;lt;div&amp;gt;...&amp;lt;/div&amp;gt;
  (Session info: chrome=128.0.6613.138)
Build info: version: &amp;apos;4.22.0&amp;apos;, revision: &amp;apos;c5f3146703*&amp;apos;
System info: os.name: &amp;apos;Windows 11&amp;apos;, os.arch: &amp;apos;amd64&amp;apos;, os.version: &amp;apos;10.0&amp;apos;, java.version: &amp;apos;17.0.10&amp;apos;
Driver info: org.openqa.selenium.chrome.ChromeDriver
Command: [3dc2541129a128bdd0f053a993a849cb, clickElement {id=f.64390DC570D045E7D26EF9673C8313F3.d.ED18904C16160E02F5D6BF18CF107BD7.e.883}]
Capabilities {acceptInsecureCerts: false, browserName: chrome, browserVersion: 128.0.6613.138, chrome: {chromedriverVersion: 128.0.6613.137 (fe621c5aa2d..., userDataDir: C:\Users\Admin\AppData\Loca...}, fedcm:accounts: true, goog:chromeOptions: {debuggerAddress: localhost:58795}, networkConnectionEnabled: false, pageLoadStrategy: normal, platformName: windows, proxy: Proxy(), se:cdp: ws://localhost:58795/devtoo..., se:cdpVersion: 128.0.6613.138, setWindowRect: true, strictFileInteractability: false, timeouts: {implicit: 0, pageLoad: 300000, script: 30000}, unhandledPromptBehavior: dismiss and notify, webauthn:extension:credBlob: true, webauthn:extension:largeBlob: true, webauthn:extension:minPinLength: true, webauthn:extension:prf: true, webauthn:virtualAuthenticators: true}
Element: [[ChromeDriver: chrome on windows (3dc2541129a128bdd0f053a993a849cb)] -&amp;gt; xpath: //span[@class=&amp;apos;hidden-xs maxwidth200 atoploginusername hideonsmartphone paddingleft&amp;apos;]]
Session ID: 3dc2541129a128bdd0f053a993a849cb">
      <![CDATA[org.openqa.selenium.ElementClickInterceptedException: element click intercepted: Element <span class="hidden-xs maxwidth200 atoploginusername hideonsmartphone paddingleft">...</span> is not clickable at point (1450, 26). Other element would receive the click: <div>...</div>
  (Session info: chrome=128.0.6613.138)
Build info: version: '4.22.0', revision: 'c5f3146703*'
System info: os.name: 'Windows 11', os.arch: 'amd64', os.version: '10.0', java.version: '17.0.10'
Driver info: org.openqa.selenium.chrome.ChromeDriver
Command: [3dc2541129a128bdd0f053a993a849cb, clickElement {id=f.64390DC570D045E7D26EF9673C8313F3.d.ED18904C16160E02F5D6BF18CF107BD7.e.883}]
Capabilities {acceptInsecureCerts: false, browserName: chrome, browserVersion: 128.0.6613.138, chrome: {chromedriverVersion: 128.0.6613.137 (fe621c5aa2d..., userDataDir: C:\Users\Admin\AppData\Loca...}, fedcm:accounts: true, goog:chromeOptions: {debuggerAddress: localhost:58795}, networkConnectionEnabled: false, pageLoadStrategy: normal, platformName: windows, proxy: Proxy(), se:cdp: ws://localhost:58795/devtoo..., se:cdpVersion: 128.0.6613.138, setWindowRect: true, strictFileInteractability: false, timeouts: {implicit: 0, pageLoad: 300000, script: 30000}, unhandledPromptBehavior: dismiss and notify, webauthn:extension:credBlob: true, webauthn:extension:largeBlob: true, webauthn:extension:minPinLength: true, webauthn:extension:prf: true, webauthn:virtualAuthenticators: true}
Element: [[ChromeDriver: chrome on windows (3dc2541129a128bdd0f053a993a849cb)] -> xpath: //span[@class='hidden-xs maxwidth200 atoploginusername hideonsmartphone paddingleft']]
Session ID: 3dc2541129a128bdd0f053a993a849cb
at org.openqa.selenium.remote.ErrorCodec.decode(ErrorCodec.java:167)
at org.openqa.selenium.remote.codec.w3c.W3CHttpResponseCodec.decode(W3CHttpResponseCodec.java:138)
at org.openqa.selenium.remote.codec.w3c.W3CHttpResponseCodec.decode(W3CHttpResponseCodec.java:50)
at org.openqa.selenium.remote.HttpCommandExecutor.execute(HttpCommandExecutor.java:190)
at org.openqa.selenium.remote.service.DriverCommandExecutor.invokeExecute(DriverCommandExecutor.java:216)
at org.openqa.selenium.remote.service.DriverCommandExecutor.execute(DriverCommandExecutor.java:174)
at org.openqa.selenium.remote.RemoteWebDriver.execute(RemoteWebDriver.java:518)
at org.openqa.selenium.remote.RemoteWebElement.execute(RemoteWebElement.java:223)
at org.openqa.selenium.remote.RemoteWebElement.click(RemoteWebElement.java:76)
at org.openqa.selenium.support.pagefactory.internal.LocatingElementHandler.invoke(LocatingElementHandler.java:51)
at jdk.proxy2/jdk.proxy2.$Proxy19.click(Unknown Source)
at com.pabb.staarcms.objectrepository.HomePage.setLogOut(HomePage.java:107)
at com.pabb.staarcms.genericutility.BaseClass.afterMethod(BaseClass.java:88)
at java.base/java.util.ArrayList.forEach(ArrayList.java:1511)
... Removed 40 stack frames]]>
    </failure>
  </testcase> <!-- @AfterMethod afterMethod -->
  <testcase classname="com.pabb.staarcms.genericutility.BaseClass" name="@AfterClass afterClass" time="0.0">
    <skipped/>
  </testcase> <!-- @AfterClass afterClass -->
  <testcase classname="com.pabb.staarcms.thirdpartytest.ModifyThirdPartyTest" name="modifyThirdPartyTest" time="6.229"/>
  <testcase classname="com.pabb.staarcms.commercetest.CreateProposalAndRejectTest" name="createProposalAndReject" time="11.008"/>
  <testcase classname="com.pabb.staarcms.servicestest.CreateShipmentAndModifyTest" name="createShipmentAndModifyTest" time="22.11">
    <failure type="java.lang.AssertionError" message="expected [false] but found [true]">
      <![CDATA[java.lang.AssertionError: expected [false] but found [true]
at com.pabb.staarcms.servicestest.CreateShipmentAndModifyTest.createShipmentAndModifyTest(CreateShipmentAndModifyTest.java:297)
at java.base/java.util.ArrayList.forEach(ArrayList.java:1511)
... Removed 31 stack frames]]>
    </failure>
  </testcase> <!-- createShipmentAndModifyTest -->
  <testcase classname="com.pabb.staarcms.thirdpartytest.CreateThirdPartyAsCustomerSmokeTest" name="createThirdPartyWithMandatoryFieldsTest" time="3.316"/>
  <testcase classname="com.pabb.staarcms.thirdpartytest.VerifyThirdPartyInListTest" name="verifyThirdPartyTest" time="4.307"/>
  <testcase classname="com.pabb.staarcms.thirdpartytest.ListOfThirdPartiesTest" name="listOfAllThirdPartiesSmokeTest" time="1.606"/>
  <testcase classname="com.pabb.staarcms.commercetest.VerifyListOfProposalsTest" name="verifyListOfProposalsInTheDraftStageTest" time="5.379"/>
  <testcase classname="com.pabb.staarcms.commercetest.CreateSalesOrderAndValidateTest" name="createSalesOrderAndValidate" time="11.343"/>
  <testcase classname="com.pabb.staarcms.genericutility.BaseClass" name="@AfterSuite afterSuite" time="0.0">
    <ignored/>
  </testcase> <!-- @AfterSuite afterSuite -->
  <testcase classname="com.pabb.staarcms.genericutility.BaseClass" name="@AfterSuite afterSuite" time="0.0">
    <ignored/>
  </testcase> <!-- @AfterSuite afterSuite -->
  <testcase classname="com.pabb.staarcms.genericutility.BaseClass" name="@AfterSuite afterSuite" time="0.0">
    <ignored/>
  </testcase> <!-- @AfterSuite afterSuite -->
  <testcase classname="com.pabb.staarcms.genericutility.BaseClass" name="@AfterSuite afterSuite" time="0.0">
    <ignored/>
  </testcase> <!-- @AfterSuite afterSuite -->
  <testcase classname="com.pabb.staarcms.genericutility.BaseClass" name="@BeforeSuite beforeSuite" time="0.0">
    <ignored/>
  </testcase> <!-- @BeforeSuite beforeSuite -->
  <testcase classname="com.pabb.staarcms.genericutility.BaseClass" name="@BeforeSuite beforeSuite" time="0.0">
    <ignored/>
  </testcase> <!-- @BeforeSuite beforeSuite -->
  <testcase classname="com.pabb.staarcms.genericutility.BaseClass" name="@BeforeSuite beforeSuite" time="0.0">
    <ignored/>
  </testcase> <!-- @BeforeSuite beforeSuite -->
  <testcase classname="com.pabb.staarcms.genericutility.BaseClass" name="@BeforeSuite beforeSuite" time="0.0">
    <ignored/>
  </testcase> <!-- @BeforeSuite beforeSuite -->
  <testcase classname="com.pabb.staarcms.genericutility.BaseClass" name="@BeforeSuite beforeSuite" time="0.0">
    <ignored/>
  </testcase> <!-- @BeforeSuite beforeSuite -->
  <testcase classname="com.pabb.staarcms.genericutility.BaseClass" name="@AfterSuite afterSuite" time="0.0">
    <ignored/>
  </testcase> <!-- @AfterSuite afterSuite -->
  <testcase classname="com.pabb.staarcms.genericutility.BaseClass" name="@BeforeSuite beforeSuite" time="0.0">
    <ignored/>
  </testcase> <!-- @BeforeSuite beforeSuite -->
  <testcase classname="com.pabb.staarcms.genericutility.BaseClass" name="@AfterSuite afterSuite" time="0.0">
    <ignored/>
  </testcase> <!-- @AfterSuite afterSuite -->
  <testcase classname="com.pabb.staarcms.genericutility.BaseClass" name="@BeforeSuite beforeSuite" time="0.0">
    <ignored/>
  </testcase> <!-- @BeforeSuite beforeSuite -->
  <testcase classname="com.pabb.staarcms.genericutility.BaseClass" name="@AfterSuite afterSuite" time="0.0">
    <ignored/>
  </testcase> <!-- @AfterSuite afterSuite -->
</testsuite> <!-- Test -->
